2024-09-02 17:06:18,825 - db_helper - INFO - fetch_expenses_for_date called with 2024-08-01
2024-09-02 17:06:19,085 - db_helper - INFO - fetch_expense_summary called with start: 2024-08-01 end: 2024-08-05
2024-09-02 17:06:47,394 - db_helper - INFO - fetch_expenses_for_date called with 2024-09-30
2024-09-02 17:06:47,463 - db_helper - INFO - fetch_expense_summary called with start: 2024-08-01 end: 2024-08-05
2024-09-02 17:07:46,664 - db_helper - INFO - fetch_expenses_for_date called with 2024-09-30
2024-09-02 17:07:46,707 - db_helper - INFO - fetch_expense_summary called with start: 2024-08-01 end: 2024-08-05
2024-09-02 17:12:07,162 - db_helper - INFO - fetch_expenses_for_date called with 2024-08-01
2024-09-02 17:12:34,865 - db_helper - INFO - delete_expenses_for_date called with 2024-08-28
2024-09-02 17:12:34,893 - db_helper - INFO - insert_expense called with date: 2024-08-28, amount: 23.0, category: Shopping, notes: Bought a mercedez car
2024-09-03 13:09:25,792 - db_helper - INFO - fetch_expenses_for_date called with 2024-08-02
2024-09-03 13:14:13,453 - db_helper - INFO - fetch_expenses_for_date called with 2024-08-02
2024-09-03 13:14:40,070 - db_helper - INFO - fetch_expenses_for_date called with 2024-08-02
2024-09-03 13:15:46,497 - db_helper - INFO - fetch_expenses_for_date called with 2024-08-02
2024-09-03 13:16:01,748 - db_helper - INFO - fetch_expenses_for_date called with 2024-08-02
2024-09-03 13:18:09,655 - db_helper - INFO - fetch_expenses_for_date called with 2024-08-01
2024-09-03 13:19:12,044 - db_helper - INFO - fetch_expenses_for_date called with 2024-08-01
2024-09-03 13:20:07,878 - db_helper - INFO - fetch_expenses_for_date called with 2024-08-01
2024-09-03 13:20:18,908 - db_helper - INFO - fetch_expenses_for_date called with 2024-08-01
2024-09-03 13:23:28,920 - db_helper - INFO - fetch_expenses_for_date called with 2024-08-01
2024-09-03 13:24:40,488 - db_helper - INFO - fetch_expenses_for_date called with 2024-08-01
2024-09-03 13:24:42,618 - db_helper - INFO - delete_expenses_for_date called with 2024-08-01
2024-09-03 13:24:42,647 - db_helper - INFO - insert_expense called with date: 2024-08-01, amount: 1340.0, category: Rent, notes: Monthly rent payment
2024-09-03 13:24:42,658 - db_helper - INFO - insert_expense called with date: 2024-08-01, amount: 300.0, category: Food, notes: Groceries for the week
2024-09-03 13:24:42,664 - db_helper - INFO - insert_expense called with date: 2024-08-01, amount: 1200.0, category: Rent, notes: Monthly rent payment
2024-09-03 13:24:42,670 - db_helper - INFO - insert_expense called with date: 2024-08-01, amount: 300.0, category: Food, notes: Groceries for the week
2024-09-03 13:24:42,675 - db_helper - INFO - insert_expense called with date: 2024-08-01, amount: 20.0, category: Shopping, notes: Bought dairy milk chocolate
2024-09-03 13:25:30,234 - db_helper - INFO - fetch_expenses_for_date called with 2024-08-01
2024-09-03 13:25:35,277 - db_helper - INFO - fetch_expenses_for_date called with 2024-08-02
2024-09-03 13:25:39,836 - db_helper - INFO - fetch_expenses_for_date called with 2024-08-16
2024-09-03 13:41:40,040 - db_helper - INFO - fetch_expenses_for_date called with 2024-08-02
2024-09-03 13:42:43,656 - db_helper - INFO - fetch_expenses_for_date called with 2024-08-02
2024-09-03 13:43:46,494 - db_helper - INFO - fetch_expenses_for_date called with 2024-08-02
2024-09-03 13:43:51,431 - db_helper - INFO - fetch_expenses_for_date called with 2024-08-01
2024-09-03 13:43:55,008 - db_helper - INFO - fetch_expenses_for_date called with 2024-08-01
2024-09-03 13:49:44,387 - db_helper - INFO - fetch_expenses_for_date called with 2024-08-01
2024-09-03 13:51:02,499 - db_helper - INFO - fetch_expenses_for_date called with 2024-08-01
2024-09-03 13:52:03,370 - db_helper - INFO - fetch_expenses_for_date called with 2024-08-01
2024-09-03 13:53:26,743 - db_helper - INFO - fetch_expenses_for_date called with 2024-08-01
2024-09-03 13:54:03,659 - db_helper - INFO - fetch_expenses_for_date called with 2024-08-01
2024-09-03 13:57:37,265 - db_helper - INFO - fetch_expenses_for_date called with 2024-08-01
2024-09-03 13:59:03,489 - db_helper - INFO - fetch_expenses_for_date called with 2024-08-01
2024-09-03 14:00:04,391 - db_helper - INFO - fetch_expenses_for_date called with 2024-08-01
2024-09-03 14:01:07,377 - db_helper - INFO - fetch_expenses_for_date called with 2024-08-01
2024-09-03 14:01:34,920 - db_helper - INFO - fetch_expenses_for_date called with 2024-08-01
2024-09-03 14:01:47,824 - db_helper - INFO - fetch_expenses_for_date called with 2024-08-01
2024-09-03 14:02:43,817 - db_helper - INFO - fetch_expenses_for_date called with 2024-08-01
2024-09-03 14:02:49,061 - db_helper - INFO - fetch_expenses_for_date called with 2024-08-02
2024-09-03 14:02:54,091 - db_helper - INFO - fetch_expenses_for_date called with 2024-08-07
2024-09-03 14:08:01,017 - db_helper - INFO - fetch_expenses_for_date called with 2024-08-07
2024-09-03 14:08:39,479 - db_helper - INFO - fetch_expenses_for_date called with 2024-08-07
2024-09-03 14:08:41,555 - db_helper - INFO - delete_expenses_for_date called with 2024-08-07
2024-09-03 14:08:41,565 - db_helper - INFO - insert_expense called with date: 2024-08-07, amount: 20.0, category: Shopping, notes: bought coconut
2024-09-03 14:08:41,581 - db_helper - INFO - insert_expense called with date: 2024-08-07, amount: 10.0, category: Shopping, notes: bought hair oild
2024-09-03 14:08:41,586 - db_helper - INFO - insert_expense called with date: 2024-08-07, amount: 40.0, category: Food, notes: ate pakoda
2024-09-03 14:09:05,902 - db_helper - INFO - fetch_expenses_for_date called with 2024-08-01
2024-09-03 14:09:10,568 - db_helper - INFO - fetch_expenses_for_date called with 2024-08-07
2024-09-03 14:24:39,169 - db_helper - INFO - fetch_expense_summary called with start: 2024-08-01 end: 2024-08-05
2024-09-03 14:30:03,443 - db_helper - INFO - fetch_expense_summary called with start: 2024-08-01 end: 2024-08-05
2024-09-03 14:40:30,568 - db_helper - INFO - fetch_expenses_for_date called with 2024-08-01
2024-09-03 14:41:21,967 - db_helper - INFO - fetch_expenses_for_date called with 2024-08-01
2024-09-03 14:43:12,325 - db_helper - INFO - fetch_expenses_for_date called with 2024-08-01
2024-09-03 14:43:15,409 - db_helper - INFO - fetch_expenses_for_date called with 2024-08-01
2024-09-03 14:43:17,491 - db_helper - INFO - fetch_expense_summary called with start: 2024-08-01 end: 2024-08-05
2024-09-03 14:44:48,321 - db_helper - INFO - fetch_expenses_for_date called with 2024-08-01
2024-09-03 14:44:51,086 - db_helper - INFO - fetch_expenses_for_date called with 2024-08-01
2024-09-03 14:44:53,165 - db_helper - INFO - fetch_expense_summary called with start: 2024-08-01 end: 2024-08-05
2024-09-03 14:45:51,488 - db_helper - INFO - fetch_expenses_for_date called with 2024-08-01
2024-09-03 14:45:54,316 - db_helper - INFO - fetch_expenses_for_date called with 2024-08-01
2024-09-03 14:45:56,444 - db_helper - INFO - fetch_expense_summary called with start: 2024-08-01 end: 2024-08-05
2024-09-03 14:47:15,077 - db_helper - INFO - fetch_expenses_for_date called with 2024-08-01
2024-09-03 14:47:18,864 - db_helper - INFO - fetch_expenses_for_date called with 2024-08-01
2024-09-03 14:47:20,907 - db_helper - INFO - fetch_expense_summary called with start: 2024-08-01 end: 2024-08-05
2024-09-03 14:49:43,199 - db_helper - INFO - fetch_expenses_for_date called with 2024-08-01
2024-09-03 14:49:49,055 - db_helper - INFO - fetch_expenses_for_date called with 2024-08-01
2024-09-03 14:49:51,142 - db_helper - INFO - fetch_expense_summary called with start: 2024-08-01 end: 2024-08-05
2024-09-03 14:50:31,492 - db_helper - INFO - fetch_expenses_for_date called with 2024-08-01
2024-09-03 14:50:34,719 - db_helper - INFO - fetch_expenses_for_date called with 2024-08-01
2024-09-03 14:50:36,818 - db_helper - INFO - fetch_expense_summary called with start: 2024-08-01 end: 2024-08-05
2024-09-03 16:59:07,583 - db_helper - INFO - fetch_expenses_for_date called with 2024-08-01
2024-09-03 16:59:08,307 - db_helper - INFO - fetch_expenses_for_date called with 2024-08-07
2024-09-03 18:04:04,740 - db_helper - INFO - fetch_expenses_for_date called with 2024-08-16
2024-09-03 18:04:09,935 - db_helper - INFO - fetch_expenses_for_date called with 2024-08-17
2024-09-03 18:04:14,123 - db_helper - INFO - fetch_expenses_for_date called with 2024-08-15
2024-09-03 18:04:23,283 - db_helper - INFO - fetch_expenses_for_date called with 2024-08-15
2024-09-03 18:04:25,333 - db_helper - INFO - delete_expenses_for_date called with 2024-08-15
2024-09-03 18:04:30,552 - db_helper - INFO - fetch_expenses_for_date called with 2024-08-16
2024-09-03 18:04:34,641 - db_helper - INFO - fetch_expenses_for_date called with 2024-08-15
2025-09-30 20:51:08,911 - db_helper - INFO - fetch_expenses_for_date called with 2025-09-30
2025-09-30 20:53:08,415 - db_helper - INFO - fetch_expenses_for_date called with 2025-09-30
2025-09-30 20:53:10,616 - db_helper - INFO - delete_expenses_for_date called with 2025-09-30
2025-09-30 20:53:22,580 - db_helper - INFO - fetch_expense_summary called with start: 2024-08-01 end: 2025-09-30
2025-09-30 20:54:35,540 - db_helper - INFO - fetch_expense_summary called with start: 2024-09-30 end: 2025-09-30
2025-09-30 20:56:14,284 - db_helper - INFO - fetch_expense_summary called with start: 2025-09-30 end: 2025-09-30
2025-09-30 21:01:00,571 - db_helper - INFO - fetch_expense_summary called with start: 2025-09-30 end: 2025-09-30
2025-09-30 21:06:25,156 - db_helper - INFO - fetch_expense_summary called with start: 2025-09-23 end: 2025-09-30
2025-09-30 21:07:03,779 - db_helper - INFO - fetch_expense_summary called with start: 2024-08-01 end: 2025-09-30
2025-09-30 21:07:26,009 - db_helper - INFO - fetch_expense_summary called with start: 2025-09-23 end: 2025-09-30
2025-09-30 21:11:58,648 - db_helper - INFO - fetch_expense_summary called with start: 2024-08-01 end: 2025-09-30
2025-09-30 21:13:13,441 - db_helper - INFO - fetch_expense_summary called with start: 2025-09-23 end: 2025-09-30
2025-09-30 21:13:22,217 - db_helper - INFO - fetch_expense_summary called with start: 2024-08-01 end: 2025-09-30
2025-09-30 21:13:51,315 - db_helper - INFO - fetch_expense_summary called with start: 2024-08-01 end: 2025-09-30
2025-09-30 21:14:00,565 - db_helper - INFO - fetch_expense_summary called with start: 2024-08-01 end: 2025-09-30
2025-09-30 21:14:34,118 - db_helper - INFO - fetch_expense_summary called with start: 2025-09-23 end: 2025-09-30
2025-09-30 21:14:39,888 - db_helper - INFO - fetch_expense_summary called with start: 2024-08-01 end: 2025-09-30
2025-09-30 21:15:04,686 - db_helper - INFO - fetch_expenses_for_date called with 2025-09-30
2025-09-30 21:15:19,797 - db_helper - INFO - fetch_expense_summary called with start: 2024-08-01 end: 2025-09-30
2025-09-30 21:18:19,840 - db_helper - INFO - fetch_expense_summary called with start: 2025-09-23 end: 2025-09-30
2025-09-30 21:18:28,424 - db_helper - INFO - fetch_expense_summary called with start: 2024-08-01 end: 2025-09-30
2025-09-30 21:18:49,815 - db_helper - INFO - fetch_expense_summary called with start: 2024-08-01 end: 2025-09-30
2025-09-30 21:19:23,078 - db_helper - INFO - fetch_expense_summary called with start: 2024-08-01 end: 2025-09-30
2025-09-30 21:19:39,539 - db_helper - INFO - fetch_expenses_for_date called with 2025-09-30
2025-09-30 21:19:44,871 - db_helper - INFO - fetch_expense_summary called with start: 2024-08-01 end: 2025-09-30
2025-09-30 21:20:15,461 - db_helper - INFO - fetch_expense_summary called with start: 2025-09-23 end: 2025-09-30
2025-09-30 21:20:22,514 - db_helper - INFO - fetch_expense_summary called with start: 2024-08-01 end: 2024-08-05
2025-09-30 21:20:40,350 - db_helper - INFO - fetch_expenses_for_date called with 2025-09-30
2025-09-30 21:20:55,693 - db_helper - INFO - fetch_expense_summary called with start: 2024-08-01 end: 2024-08-05
2025-09-30 21:21:16,357 - db_helper - INFO - fetch_expense_summary called with start: 2024-08-01 end: 2024-08-05
2025-09-30 21:24:38,007 - db_helper - INFO - fetch_expense_summary called with start: 2025-09-23 end: 2025-09-30
2025-09-30 21:24:53,125 - db_helper - INFO - fetch_expense_summary called with start: 2024-08-01 end: 2024-08-05
2025-09-30 21:26:54,601 - db_helper - INFO - fetch_expense_summary called with start: 2024-08-01 end: 2025-09-30
2025-09-30 21:27:15,449 - db_helper - INFO - fetch_expense_summary called with start: 2025-09-30 end: 2025-09-30
2025-09-30 21:35:19,607 - db_helper - INFO - fetch_expense_summary called with start: 2025-09-23 end: 2025-09-30
2025-09-30 21:35:27,068 - db_helper - INFO - fetch_expense_summary called with start: 2024-08-01 end: 2025-09-30
2025-09-30 21:36:23,014 - db_helper - INFO - fetch_expense_summary called with start: 2025-09-30 end: 2025-09-30
2025-09-30 21:37:05,668 - db_helper - INFO - fetch_expense_summary called with start: 2025-09-30 end: 2025-09-30
2025-10-03 18:10:16,553 - db_helper - INFO - fetch_expense_summary called with start: 2025-09-26 end: 2025-10-03
2025-10-03 18:12:46,012 - db_helper - INFO - fetch_expense_summary called with start: 2024-10-01 end: 2025-10-03
2025-10-03 18:13:16,857 - db_helper - INFO - fetch_expense_summary called with start: 2024-10-01 end: 2025-10-03
2025-10-03 18:15:10,472 - db_helper - INFO - fetch_expense_summary called with start: 2025-09-26 end: 2025-10-03
2025-10-03 18:15:22,704 - db_helper - INFO - fetch_expense_summary called with start: 2025-09-26 end: 2025-10-03
2025-10-03 18:15:46,771 - db_helper - INFO - fetch_expenses_for_date called with 2025-10-03
2025-10-03 18:15:56,098 - db_helper - INFO - fetch_expense_summary called with start: 2024-08-01 end: 2025-10-03
2025-10-03 18:26:44,393 - db_helper - INFO - fetch_expense_summary called with start: 2025-09-26 end: 2025-10-03
2025-10-03 18:27:07,357 - db_helper - INFO - fetch_expense_summary called with start: 2024-08-01 end: 2025-10-03
2025-10-03 18:27:21,986 - db_helper - INFO - fetch_expense_summary called with start: 2024-08-01 end: 2025-10-03
2025-10-03 18:27:37,767 - db_helper - INFO - fetch_expense_summary called with start: 2024-08-01 end: 2025-10-03
2025-10-03 18:40:11,661 - db_helper - INFO - fetch_expense_summary called with start: 2025-09-26 end: 2025-10-03
2025-10-03 18:40:17,580 - db_helper - INFO - fetch_expense_summary called with start: 2025-09-26 end: 2025-10-03
2025-10-03 18:40:32,491 - db_helper - INFO - fetch_expenses_for_date called with 2025-10-03
2025-10-03 18:40:58,220 - db_helper - INFO - fetch_expense_summary called with start: 2025-10-01 end: 2025-10-03
2025-10-03 18:41:26,099 - db_helper - INFO - fetch_expense_summary called with start: 2025-09-20 end: 2025-10-03
2025-10-03 18:42:42,604 - db_helper - INFO - fetch_expense_summary called with start: 2025-09-20 end: 2025-10-03
2025-10-03 18:43:11,548 - db_helper - INFO - fetch_expense_summary called with start: 2025-09-20 end: 2025-10-03
2025-10-03 18:43:19,714 - db_helper - INFO - fetch_expense_summary called with start: 2025-09-20 end: 2025-10-03
2025-10-03 18:48:08,334 - db_helper - INFO - fetch_expense_summary called with start: 2025-09-20 end: 2025-10-03
2025-10-05 16:43:30,734 - db_helper - INFO - fetch_expense_summary called with start: 2025-09-28 end: 2025-10-05
2025-10-05 16:51:38,827 - db_helper - INFO - fetch_expense_summary called with start: 2025-09-28 end: 2025-10-05
2025-10-05 16:51:53,601 - db_helper - INFO - fetch_expense_summary called with start: 2025-09-28 end: 2025-10-05
2025-10-05 16:51:56,406 - db_helper - INFO - fetch_expense_summary called with start: 2025-09-28 end: 2025-10-05
2025-10-05 16:52:19,124 - db_helper - INFO - fetch_expense_summary called with start: 2024-08-01 end: 2025-10-05
2025-10-05 16:52:54,791 - db_helper - INFO - fetch_expense_summary called with start: 2024-08-01 end: 2025-10-05
2025-10-05 16:53:28,118 - db_helper - INFO - fetch_expense_summary called with start: 2024-08-01 end: 2025-10-05
2025-10-05 16:53:39,553 - db_helper - INFO - fetch_expense_summary called with start: 2024-08-01 end: 2025-10-05
2025-10-05 17:32:11,024 - db_helper - INFO - fetch_expense_summary called with start: 2025-09-28 end: 2025-10-05
2025-10-05 17:32:39,719 - db_helper - INFO - fetch_expense_summary called with start: 2024-08-01 end: 2025-10-05
2025-10-05 17:32:59,967 - db_helper - INFO - fetch_expense_summary called with start: 2024-08-01 end: 2025-10-05
2025-10-05 17:33:18,248 - db_helper - INFO - fetch_expense_summary called with start: 2025-09-15 end: 2025-10-05
2025-10-05 17:33:39,077 - db_helper - INFO - fetch_expense_summary called with start: 2025-09-15 end: 2025-10-05
2025-10-05 17:33:58,990 - db_helper - INFO - fetch_expense_summary called with start: 2025-09-15 end: 2025-10-05
2025-10-05 17:39:51,152 - db_helper - INFO - fetch_expense_summary called with start: 2025-09-15 end: 2025-10-05
2025-10-05 17:40:03,248 - db_helper - INFO - fetch_expense_summary called with start: 2025-09-15 end: 2025-10-05
2025-10-05 17:41:13,391 - db_helper - INFO - fetch_expense_summary called with start: 2025-09-15 end: 2025-10-05
2025-10-05 17:41:26,534 - db_helper - INFO - fetch_expense_summary called with start: 2025-09-15 end: 2025-10-05
2025-10-05 17:45:16,769 - db_helper - INFO - fetch_expense_summary called with start: 2025-09-28 end: 2025-10-05
2025-10-05 17:45:39,677 - db_helper - INFO - fetch_expense_summary called with start: 2025-09-15 end: 2025-10-05
2025-10-05 17:49:30,491 - db_helper - INFO - fetch_expense_summary called with start: 2025-09-15 end: 2025-10-05
2025-10-05 18:14:51,045 - db_helper - INFO - fetch_expense_summary called with start: 2025-09-28 end: 2025-10-05
2025-10-05 18:15:36,402 - db_helper - INFO - fetch_expense_summary called with start: 2025-09-15 end: 2025-10-05
2025-10-05 18:15:51,793 - db_helper - INFO - fetch_expense_summary called with start: 2025-09-15 end: 2025-10-05
2025-10-05 18:19:01,656 - db_helper - INFO - fetch_expense_summary called with start: 2025-09-15 end: 2025-10-05
2025-10-05 18:19:34,170 - db_helper - INFO - fetch_expense_summary called with start: 2025-09-15 end: 2025-10-05
2025-10-05 18:19:41,163 - db_helper - INFO - fetch_expense_summary called with start: 2025-09-15 end: 2025-10-05
2025-10-05 18:22:45,229 - db_helper - INFO - fetch_expense_summary called with start: 2025-09-15 end: 2025-10-05
2025-10-05 18:22:54,519 - db_helper - INFO - fetch_expense_summary called with start: 2025-09-15 end: 2025-10-05
2025-10-06 11:43:23,156 - db_helper - INFO - fetch_expense_summary called with start: 2025-09-29 end: 2025-10-06
2025-10-06 11:46:44,614 - db_helper - INFO - fetch_expense_summary called with start: 2025-09-15 end: 2025-10-06
2025-10-06 11:46:56,456 - db_helper - INFO - fetch_expense_summary called with start: 2025-09-15 end: 2025-10-06
2025-10-06 11:51:53,862 - db_helper - INFO - fetch_expense_summary called with start: 2025-09-15 end: 2025-10-06
2025-10-06 11:52:02,706 - db_helper - INFO - fetch_expense_summary called with start: 2025-09-15 end: 2025-10-06
2025-10-06 12:19:15,407 - db_helper - INFO - fetch_expense_summary called with start: 2025-09-29 end: 2025-10-06
2025-10-06 12:19:34,424 - db_helper - INFO - fetch_expenses_for_date called with 2025-10-06
2025-10-06 12:19:59,441 - db_helper - INFO - fetch_expense_summary called with start: 2025-09-15 end: 2025-10-06
2025-10-06 12:20:24,116 - db_helper - INFO - fetch_expense_summary called with start: 2025-09-15 end: 2025-10-06
2025-10-06 12:29:28,402 - db_helper - INFO - fetch_expense_summary called with start: 2025-09-29 end: 2025-10-06
2025-10-06 12:30:03,556 - db_helper - INFO - fetch_expense_summary called with start: 2025-09-15 end: 2025-10-06
2025-10-06 12:30:44,220 - db_helper - INFO - fetch_expense_summary called with start: 2025-09-15 end: 2025-10-06
2025-10-06 12:30:57,581 - db_helper - INFO - fetch_expense_summary called with start: 2025-09-15 end: 2025-10-06
2025-10-06 12:50:03,678 - db_helper - INFO - fetch_expense_summary called with start: 2025-09-29 end: 2025-10-06
2025-10-06 12:54:35,551 - db_helper - INFO - fetch_expense_summary called with start: 2025-09-15 end: 2025-10-06
2025-10-06 12:54:57,214 - db_helper - INFO - fetch_expense_summary called with start: 2025-09-15 end: 2025-10-06
2025-10-08 16:44:55,941 - db_helper - INFO - fetch_expense_summary called with start: 2025-10-01 end: 2025-10-08
2025-10-08 16:45:21,666 - db_helper - INFO - fetch_expenses_for_date called with 2025-10-08
2025-10-08 16:45:47,553 - db_helper - INFO - fetch_expense_summary called with start: 2025-08-15 end: 2025-10-08
2025-10-08 16:46:15,262 - db_helper - INFO - fetch_expense_summary called with start: 2025-08-15 end: 2025-10-08
2025-10-08 16:46:28,274 - db_helper - INFO - fetch_expense_summary called with start: 2025-08-15 end: 2025-10-08
2025-10-08 17:05:27,784 - db_helper - INFO - fetch_expense_summary called with start: 2025-10-01 end: 2025-10-08
2025-10-08 17:05:58,192 - db_helper - INFO - fetch_expense_summary called with start: 2025-09-15 end: 2025-10-08
2025-10-08 17:06:12,721 - db_helper - INFO - fetch_expense_summary called with start: 2025-09-15 end: 2025-10-08
2025-10-08 17:13:34,794 - db_helper - INFO - fetch_expense_summary called with start: 2025-09-15 end: 2025-10-08
2025-10-08 17:13:45,150 - db_helper - INFO - fetch_expense_summary called with start: 2025-09-15 end: 2025-10-08
2025-10-08 17:26:24,749 - db_helper - INFO - fetch_expense_summary called with start: 2025-10-01 end: 2025-10-08
2025-10-08 17:26:52,656 - db_helper - INFO - fetch_expense_summary called with start: 2025-09-15 end: 2025-10-08
2025-10-08 17:27:07,104 - db_helper - INFO - fetch_expense_summary called with start: 2025-09-15 end: 2025-10-08
2025-10-08 17:28:10,394 - db_helper - INFO - fetch_expense_summary called with start: 2025-10-01 end: 2025-10-08
2025-10-08 17:28:17,557 - db_helper - INFO - fetch_expense_summary called with start: 2024-08-01 end: 2025-10-08
2025-10-08 17:28:25,108 - db_helper - INFO - fetch_expense_summary called with start: 2024-08-01 end: 2025-10-08
2025-10-08 17:31:49,609 - db_helper - INFO - fetch_expense_summary called with start: 2024-08-01 end: 2025-10-08
2025-10-08 17:32:00,527 - db_helper - INFO - fetch_expense_summary called with start: 2024-08-01 end: 2025-10-08
2025-10-08 17:50:30,847 - db_helper - INFO - fetch_expense_summary called with start: 2025-10-01 end: 2025-10-08
2025-10-08 17:50:42,380 - db_helper - INFO - fetch_expense_summary called with start: 2024-08-01 end: 2025-10-08
2025-10-08 17:51:20,754 - db_helper - INFO - fetch_expense_summary called with start: 2024-08-01 end: 2025-10-08
2025-10-10 14:58:46,823 - db_helper - INFO - fetch_expense_summary called with start: 2025-10-03 end: 2025-10-10
2025-10-10 15:04:18,022 - db_helper - INFO - fetch_expense_summary called with start: 2025-09-15 end: 2025-10-10
2025-10-10 15:04:32,754 - db_helper - INFO - fetch_expense_summary called with start: 2025-09-15 end: 2025-10-10
2025-10-10 16:21:29,126 - db_helper - INFO - fetch_expense_summary called with start: 2025-09-15 end: 2025-10-10
2025-10-10 16:46:19,197 - db_helper - INFO - fetch_expense_summary called with start: 2025-10-03 end: 2025-10-10
2025-10-10 16:46:22,730 - db_helper - INFO - fetch_expense_summary called with start: 2025-10-03 end: 2025-10-10
2025-10-10 16:46:56,687 - db_helper - INFO - fetch_expense_summary called with start: 2025-09-15 end: 2025-10-10
2025-10-10 16:48:28,144 - db_helper - INFO - fetch_expense_summary called with start: 2025-10-03 end: 2025-10-10
2025-10-10 16:48:45,695 - db_helper - INFO - fetch_expenses_for_date called with 2025-10-10
2025-10-10 16:51:59,926 - db_helper - INFO - fetch_expense_summary called with start: 2025-10-03 end: 2025-10-10
2025-10-10 16:52:41,139 - db_helper - INFO - fetch_expense_summary called with start: 2025-09-15 end: 2025-10-10
2025-10-10 16:52:52,605 - db_helper - INFO - fetch_expense_summary called with start: 2025-09-15 end: 2025-10-10
2025-10-10 16:52:52,986 - db_helper - INFO - fetch_expense_summary called with start: 2025-09-15 end: 2025-10-10
2025-10-10 16:53:06,732 - db_helper - INFO - fetch_expense_summary called with start: 2025-09-15 end: 2025-10-10
2025-10-10 16:53:18,948 - db_helper - INFO - fetch_expense_summary called with start: 2025-10-03 end: 2025-10-10
2025-10-10 16:53:23,614 - db_helper - INFO - fetch_expenses_for_date called with 2025-10-10
2025-10-10 16:53:31,683 - db_helper - INFO - fetch_expense_summary called with start: 2024-08-01 end: 2025-10-10
2025-10-10 16:56:40,388 - db_helper - INFO - fetch_expense_summary called with start: 2025-10-03 end: 2025-10-10
2025-10-10 16:56:48,816 - db_helper - INFO - fetch_expense_summary called with start: 2024-08-01 end: 2025-10-10
2025-10-10 16:57:13,487 - db_helper - INFO - fetch_expense_summary called with start: 2025-09-15 end: 2025-10-10
2025-10-10 17:00:01,050 - db_helper - INFO - fetch_expense_summary called with start: 2025-10-03 end: 2025-10-10
2025-10-10 17:00:09,800 - db_helper - INFO - fetch_expense_summary called with start: 2024-08-01 end: 2025-10-10
2025-10-10 17:01:13,158 - db_helper - INFO - fetch_expense_summary called with start: 2025-09-15 end: 2025-10-10
2025-10-10 17:25:09,341 - db_helper - INFO - fetch_expenses_for_date called with 2025-10-10
2025-10-10 17:25:12,669 - db_helper - INFO - fetch_expenses_for_date called with 2025-10-10
2025-10-10 17:25:14,807 - db_helper - INFO - fetch_expenses_for_date called with 2025-10-10
2025-10-10 17:25:16,627 - db_helper - INFO - fetch_expenses_for_date called with 2025-10-10
2025-10-10 17:25:19,951 - db_helper - INFO - fetch_expenses_for_date called with 2025-10-10
2025-10-10 17:25:25,254 - db_helper - INFO - fetch_expense_summary called with start: 2025-10-03 end: 2025-10-10
2025-10-10 17:25:30,688 - db_helper - INFO - fetch_expense_summary called with start: 2025-10-03 end: 2025-10-10
2025-10-10 17:30:33,722 - db_helper - INFO - fetch_expense_summary called with start: 2025-10-03 end: 2025-10-10
2025-10-10 17:32:54,237 - db_helper - INFO - fetch_expenses_for_date called with 2025-10-10
2025-10-10 17:33:33,461 - db_helper - INFO - fetch_expense_summary called with start: 2025-09-15 end: 2025-10-10
2025-10-10 17:37:34,374 - db_helper - INFO - fetch_expenses_for_date called with 2025-10-10
2025-10-10 17:37:43,016 - db_helper - INFO - fetch_expenses_for_date called with 2025-10-10
2025-10-10 17:37:44,803 - db_helper - INFO - fetch_expenses_for_date called with 2025-10-10
2025-10-10 17:37:55,401 - db_helper - INFO - fetch_expense_summary called with start: 2025-10-03 end: 2025-10-10
2025-10-10 17:38:34,978 - db_helper - INFO - fetch_expense_summary called with start: 2025-09-15 end: 2025-10-10
2025-10-10 17:48:17,852 - db_helper - INFO - fetch_expenses_for_date called with 2025-10-10
2025-10-10 18:05:25,892 - db_helper - INFO - fetch_expense_summary called with start: 2025-10-03 end: 2025-10-10
2025-10-10 18:05:37,131 - db_helper - INFO - fetch_expenses_for_date called with 2025-10-10
2025-10-10 18:05:45,843 - db_helper - INFO - fetch_expense_summary called with start: 2025-10-03 end: 2025-10-10
2025-10-10 18:05:47,813 - db_helper - INFO - fetch_expenses_for_date called with 2025-10-10
2025-10-10 18:05:56,429 - db_helper - INFO - fetch_expense_summary called with start: 2025-10-03 end: 2025-10-10
2025-10-10 18:06:01,281 - db_helper - INFO - fetch_expense_summary called with start: 2025-10-03 end: 2025-10-10
2025-10-10 18:06:50,389 - db_helper - INFO - fetch_expense_summary called with start: 2025-10-03 end: 2025-10-10
2025-10-10 18:07:00,298 - db_helper - INFO - fetch_expense_summary called with start: 2024-08-01 end: 2025-10-10
2025-10-10 18:07:28,270 - db_helper - INFO - fetch_expenses_for_date called with 2025-10-10
2025-10-10 18:07:36,117 - db_helper - INFO - fetch_expense_summary called with start: 2025-10-03 end: 2025-10-10
2025-10-11 13:19:42,517 - db_helper - INFO - fetch_expense_summary called with start: 2025-10-04 end: 2025-10-11
2025-10-11 13:19:52,025 - db_helper - INFO - fetch_expenses_for_date called with 2025-10-11
2025-10-11 13:21:44,153 - db_helper - INFO - fetch_expenses_for_date called with 2025-10-11
2025-10-11 13:21:46,220 - db_helper - INFO - delete_expenses_for_date called with 2025-10-11
2025-10-11 13:21:51,718 - db_helper - INFO - fetch_expense_summary called with start: 2025-10-04 end: 2025-10-11
2025-10-11 13:22:15,531 - db_helper - INFO - fetch_expense_summary called with start: 2025-09-15 end: 2025-10-11
2025-10-11 13:23:21,820 - db_helper - INFO - fetch_expenses_for_date called with 2025-10-11
2025-10-11 13:23:25,772 - db_helper - INFO - fetch_expenses_for_date called with 2025-10-11
2025-10-11 13:23:30,762 - db_helper - INFO - fetch_expenses_for_date called with 2025-10-11
2025-10-11 13:23:35,367 - db_helper - INFO - fetch_expenses_for_date called with 2025-10-11
2025-10-11 13:23:39,534 - db_helper - INFO - fetch_expense_summary called with start: 2025-10-04 end: 2025-10-11
2025-10-11 13:23:46,899 - db_helper - INFO - fetch_expense_summary called with start: 2025-10-04 end: 2025-10-11
2025-10-11 13:28:38,953 - db_helper - INFO - fetch_expenses_for_date called with 2025-10-11
2025-10-11 13:28:46,351 - db_helper - INFO - fetch_expenses_for_date called with 2025-10-11
2025-10-11 13:28:49,422 - db_helper - INFO - fetch_expenses_for_date called with 2025-10-11
2025-10-11 13:54:49,747 - db_helper - INFO - fetch_expense_summary called with start: 2025-10-04 end: 2025-10-11
2025-10-11 13:55:36,057 - db_helper - INFO - fetch_expenses_for_date called with 2025-10-11
2025-10-11 13:56:08,034 - db_helper - INFO - fetch_expense_summary called with start: 2025-09-15 end: 2025-10-11
2025-10-11 13:56:43,711 - db_helper - INFO - fetch_expenses_for_date called with 2025-10-11
2025-10-11 13:57:04,809 - db_helper - INFO - fetch_expenses_for_date called with 2025-10-11
2025-10-11 13:58:34,909 - db_helper - INFO - fetch_expenses_for_date called with 2025-10-11
2025-10-11 14:00:30,025 - db_helper - INFO - fetch_expenses_for_date called with 2025-10-11
2025-10-11 14:00:35,809 - db_helper - INFO - fetch_expenses_for_date called with 2025-10-11
2025-10-11 14:20:01,102 - db_helper - INFO - fetch_expense_summary called with start: 2025-10-04 end: 2025-10-11
2025-10-11 14:20:10,032 - db_helper - INFO - fetch_expenses_for_date called with 2025-10-11
2025-10-11 14:20:22,747 - db_helper - INFO - fetch_expenses_for_date called with 2025-10-11
2025-10-11 14:20:25,996 - db_helper - INFO - fetch_expenses_for_date called with 2025-10-11
2025-10-11 14:20:47,843 - db_helper - INFO - fetch_expense_summary called with start: 2025-09-15 end: 2025-10-11
2025-10-11 14:21:17,805 - db_helper - INFO - fetch_expenses_for_date called with 2025-10-11
2025-10-11 14:21:26,325 - db_helper - INFO - fetch_expenses_for_date called with 2025-10-11
2025-10-11 14:30:33,703 - db_helper - INFO - fetch_expense_summary called with start: 2025-10-04 end: 2025-10-11
2025-10-11 14:31:08,447 - db_helper - INFO - fetch_expense_summary called with start: 2025-10-04 end: 2025-10-11
2025-10-11 15:21:59,098 - db_helper - INFO - fetch_expense_summary called with start: 2025-10-04 end: 2025-10-11
2025-10-11 15:22:09,556 - db_helper - INFO - fetch_expense_summary called with start: 2025-10-04 end: 2025-10-11
2025-10-11 15:31:50,230 - db_helper - INFO - fetch_expenses_for_date called with 2025-10-11
2025-10-11 15:34:47,666 - db_helper - INFO - fetch_expense_summary called with start: 2025-09-15 end: 2025-10-11
